<!DOCTYPE html PUBLIC "-//W3C//DTD XHTML 1.0 Transitional//EN" "http://www.w3.org/TR/xhtml1/DTD/xhtml1-transitional.dtd">
<html xmlns="http://www.w3.org/1999/xhtml">
<head>
<title>Execution report - my.squash.ta.project:0.0.1-SNAPSHOT</title>
<meta http-equiv="Content-Type" content="text/html; charset=utf-8" />
<link rel="stylesheet" href="public/stylesheets/knacss.css" media="all" />
<link rel="icon" type="image/png" href="public/images/logo_squash_favicone.ico" />
<link rel="shortcut icon" type="image/x-icon" href="public/images/logo_squash_favicone.ico" />
<script type="text/javascript" src="public/javascripts/dropdown.js" ></script>
</head>
<body class="ml2 mr2 mt1">
    <div id="header" class="row">
        <div class="col w20">
            <img class="left" src="public/images/logo_squash.png" alt="Logo Squash" />
        </div>
        <div class="col-mid txtcenter"><h1>Automated Test Execution Report</h1></div>
    </div>
    
    <div id="content">
        <div id="summary">
            <div class="info">
                <span>GroupId:&nbsp;</span>org.squashtest.tutorial<br/> 
                <span>ArtifactId:&nbsp;</span>my.squash.ta.project<br/> 
                <span>Version:&nbsp;</span>0.0.1-SNAPSHOT<br/> 
                <br/> 
                <span>Execution date:&nbsp;</span>09/11/2018 19:01:29
                <br/>
            </div>

            <!-- GLOBAL SUMMARY -->
            <table class="w100 striped">
                <thead>
                    <tr class="table-header">
                        <th colspan=2>Test Set</th>
                        <th class="w10">Tests</th>
                        <th class="w10"><img src="public/images/Circle_Green.png" />&nbsp;Successes</th>
                        <th class="w10"><img src="public/images/Circle_Yellow.png" />&nbsp;Failures</th>
                        <th class="w10"><img src="public/images/Circle_Red.png" />&nbsp;Errors</th>
                        <th class="w10"><img src="public/images/Circle_Grey.png" />&nbsp;Not run</th>
                        <th class="w10"><img src="public/images/Circle_Grey.png" />&nbsp;Not found</th>
                        <th class="w10">Success Rate</th>
                        <th class="w10">Time (s)</th>
                    </tr>
                </thead>
                    <tbody>
    <tr>
        <td class="center status">
            <div style="width:15px"><a href="#tests">        <img src="public/images/Circle_Red.png" />
</a></div>
        </td>
        <td><a href="#tests">tests</a></td>
        <td>1</td>
        <td>0</td>
        <td>0</td>
        <td>1</td>
        <td>0</td>
        <td>0</td>
        <td>0%</td>
        <td>1,538</td>
    </tr>
                    </tbody>
                    <tfoot>
                        <tr class="b">
                            <td colspan=2>Total:</td>
                            <td>1</td>
                            <td>0</td>
                            <td>0</td>
                            <td>1</td>
                            <td>0</td>
                            <td>0</td>                        
                            <td>0%</td>
                            <td>1,538</td>
                        </tr>
                    </tfoot>
            </table>
            <div class="note">
                Note:
                <ul>
                    <li>"Failures" are anticipated and checked for with assertions whereas "errors" are unanticipated.</li>
                    <li>"Not run" means that the test case was not run, because an error / failure occurred during the ecosystem setup phase.</li>
                    <li>The ecosystem might end up with an "error" or "failure" status, even if all its test cases were successful. It means an error / failure occurred during the ecosystem teardown phase.</li>
                </ul> 
            </div>
        </div>
        
                <div class="ecosystem">
    <div class="ecosystem-header">
        <h2>
            <a id="tests"></a>        <img src="public/images/Circle_Red.png" />
tests
        </h2>
    </div>
    <div class="ecosystem-body">
        <div class="ecosystem-summary">
            <table class="w100 striped">
                <thead>
                    <tr class="table-header">
                        <th colspan="2">Script</th>
                        <th class="w10">Status</th>
                        <th class="w10">Time (s)</th>
                    </tr>
                </thead>
                <tbody>
    <tr>
        <td class="center status"><a href="#tests_RechercherBilletTest.ta">         <img src="public/images/Circle_Red.png" />
 </a></td>
        <td>
                <a href="#tests_RechercherBilletTest.ta">RechercherBilletTest.ta</a>
        </td>
        <td>        Error
</td>
        <td>
                1,538
        </td>
    </tr>
                </tbody>
            </table>
            <div class="script-link">
                <a href="#header">[Back to top]</a>
            </div>
        </div>    <div class="script">
        <div class="script-header">
            <h3>
                        <img src="public/images/Circle_Red.png" />
<a id="tests_RechercherBilletTest.ta"></a> RechercherBilletTest.ta
            </h3>
        </div>
        <div class="script-content">
    
            <div class="note">
                <span>Status:&nbsp;</span>        Error
<br/>
                <span>Time (s):&nbsp;</span>1,538
            </div>
    
            <table class="w100 striped">
                <thead>
                    <tr class="table-header">
                        <th colspan="2" class="big">Test steps</th>
                        <th class="w50p txtcenter">Line</th>
                    </tr>
                </thead>
                <tbody>
                
                        <tr>
                            <td colspan="3"><strong>TEST :</strong></td>
                        </tr>
    <tr class="a">
        <td class="center status">
        <img src="public/images/Circle_Red.png" />
        </td>
        <td>
                <div class="row">
    <div id="toggle0-expand" class="col-mid toggle-button">
        <a href="javascript:toggleDisplay('toggle0');"><img src="public/images/expand.png"/></a>
    </div>
    <div id="toggle0-collapse" class="desktop-hidden toggle-button">
        <a href="javascript:toggleDisplay('toggle0');"><img src="public/images/collapse.png"/></a>
    </div>
                    <div class="col"># EXECUTE_SELENIUM2 selenium WITH MAIN CLASS RechercherBilletTest</div>
                </div>
                <div id="toggle0" class="desktop-hidden inner-instruction">
                        <div class="row">
                            <div class="col inside-status">
        <img src="public/images/Circle_Green.png" />
                            </div>
                            <div class="col">          
            <div class="col">LOAD selenium AS __temp_0.file</div>
                            </div>
                        </div>
                        <div class="row">
                            <div class="col inside-status">
        <img src="public/images/Circle_Red.png" />
                            </div>
                            <div class="col">          
                <div class="col">CONVERT __temp_0.file TO script.java(compile) AS __temp_1.compiled</div>
                <div class="stack">
    <div class="row">
    <div id="toggle2-expand" class="col-mid toggle-button">
        <a href="javascript:toggleDisplay('toggle2');"><img src="public/images/expand.png"/></a>
    </div>
    <div id="toggle2-collapse" class="desktop-hidden toggle-button">
        <a href="javascript:toggleDisplay('toggle2');"><img src="public/images/collapse.png"/></a>
    </div>
        
        <div class="col-mid">Test Automation Engine error (non SUT) : method 'convert' from engine component of class 'org.squashtest.ta.plugin.commons.converter.FileToJavaCodeBundle' with argument 'org.squashtest.ta.framework.components.FileResource'  has thrown an exception.</div>
    </div>
    <div class="row">
        <div id="toggle2" class="desktop-hidden small col trace">
            <pre>
org.squashtest.ta.backbone.exception.EngineRuntimeException: Test Automation Engine error (non SUT) : method &apos;convert&apos; from engine component of class &apos;org.squashtest.ta.plugin.commons.converter.FileToJavaCodeBundle&apos; with argument &apos;org.squashtest.ta.framework.components.FileResource&apos;  has thrown an exception.
	at org.squashtest.ta.backbone.tools.ReflectionUtils.invoke(ReflectionUtils.java:277)
	at org.squashtest.ta.backbone.engine.wrapper.ResourceConverterHandler.convert(ResourceConverterHandler.java:106)
	at org.squashtest.ta.backbone.engine.instructionrunner.DefaultConvertResourceRunner.applyConverter(DefaultConvertResourceRunner.java:130)
	at org.squashtest.ta.backbone.engine.instructionrunner.DefaultConvertResourceRunner.convertResource(DefaultConvertResourceRunner.java:94)
	at org.squashtest.ta.backbone.engine.instructionrunner.DefaultConvertResourceRunner.doRun(DefaultConvertResourceRunner.java:54)
	at org.squashtest.ta.backbone.engine.instructionrunner.AbstractDefaultInstructionRunner.run(AbstractDefaultInstructionRunner.java:69)
	at org.squashtest.ta.backbone.engine.impl.TestRunnerImpl.runInstruction(TestRunnerImpl.java:203)
	at org.squashtest.ta.backbone.engine.impl.TestRunnerImpl.runInstructionList(TestRunnerImpl.java:148)
	at org.squashtest.ta.backbone.engine.impl.TestRunnerImpl.runMetaInstruction(TestRunnerImpl.java:172)
	at org.squashtest.ta.backbone.engine.impl.TestRunnerImpl.runInstructionList(TestRunnerImpl.java:146)
	at org.squashtest.ta.backbone.engine.impl.TestRunnerImpl.runPhase(TestRunnerImpl.java:136)
	at org.squashtest.ta.backbone.engine.impl.TestRunnerImpl.runTest(TestRunnerImpl.java:107)
	at org.squashtest.ta.backbone.engine.impl.EcosystemRunnerImpl.runAllTests(EcosystemRunnerImpl.java:202)
	at org.squashtest.ta.backbone.engine.impl.EcosystemRunnerImpl.run(EcosystemRunnerImpl.java:104)
	at org.squashtest.ta.backbone.engine.impl.SuiteRunnerImpl.execute(SuiteRunnerImpl.java:68)
	at org.squashtest.ta.backbone.engine.impl.EngineImpl.execute(EngineImpl.java:63)
	at org.squashtest.ta.maven.SquashTAMojo.executeImpl(SquashTAMojo.java:367)
	at org.squashtest.ta.maven.AbstractSquashTaMojo.execution(AbstractSquashTaMojo.java:85)
	at org.squashtest.ta.maven.AbstractBaseSquashTaMojo.execute(AbstractBaseSquashTaMojo.java:147)
	at org.apache.maven.plugin.DefaultBuildPluginManager.executeMojo(DefaultBuildPluginManager.java:134)
	at org.apache.maven.lifecycle.internal.MojoExecutor.execute(MojoExecutor.java:208)
	at org.apache.maven.lifecycle.internal.MojoExecutor.execute(MojoExecutor.java:154)
	at org.apache.maven.lifecycle.internal.MojoExecutor.execute(MojoExecutor.java:146)
	at org.apache.maven.lifecycle.internal.LifecycleModuleBuilder.buildProject(LifecycleModuleBuilder.java:117)
	at org.apache.maven.lifecycle.internal.LifecycleModuleBuilder.buildProject(LifecycleModuleBuilder.java:81)
	at org.apache.maven.lifecycle.internal.builder.singlethreaded.SingleThreadedBuilder.build(SingleThreadedBuilder.java:51)
	at org.apache.maven.lifecycle.internal.LifecycleStarter.execute(LifecycleStarter.java:128)
	at org.apache.maven.DefaultMaven.doExecute(DefaultMaven.java:309)
	at org.apache.maven.DefaultMaven.doExecute(DefaultMaven.java:194)
	at org.apache.maven.DefaultMaven.execute(DefaultMaven.java:107)
	at org.apache.maven.cli.MavenCli.execute(MavenCli.java:993)
	at org.apache.maven.cli.MavenCli.doMain(MavenCli.java:345)
	at org.apache.maven.cli.MavenCli.main(MavenCli.java:191)
	at sun.reflect.NativeMethodAccessorImpl.invoke0(Native Method)
	at sun.reflect.NativeMethodAccessorImpl.invoke(NativeMethodAccessorImpl.java:62)
	at sun.reflect.DelegatingMethodAccessorImpl.invoke(DelegatingMethodAccessorImpl.java:43)
	at java.lang.reflect.Method.invoke(Method.java:498)
	at org.codehaus.plexus.classworlds.launcher.Launcher.launchEnhanced(Launcher.java:289)
	at org.codehaus.plexus.classworlds.launcher.Launcher.launch(Launcher.java:229)
	at org.codehaus.plexus.classworlds.launcher.Launcher.mainWithExitCode(Launcher.java:415)
	at org.codehaus.plexus.classworlds.launcher.Launcher.main(Launcher.java:356)
Caused by: org.squashtest.ta.framework.exception.BadDataException: Java code compilation failed:

	at org.squashtest.ta.plugin.commons.converter.FileToJavaCodeBundle.convert(FileToJavaCodeBundle.java:111)
	at sun.reflect.NativeMethodAccessorImpl.invoke0(Native Method)
	at sun.reflect.NativeMethodAccessorImpl.invoke(NativeMethodAccessorImpl.java:62)
	at sun.reflect.DelegatingMethodAccessorImpl.invoke(DelegatingMethodAccessorImpl.java:43)
	at java.lang.reflect.Method.invoke(Method.java:498)
	at org.squashtest.ta.backbone.tools.ReflectionUtils.invoke(ReflectionUtils.java:252)
	... 40 more

            </pre>
        </div>
    </div>
                </div>
                            </div>
                        </div>
                        <div class="row">
                            <div class="col inside-status">
        <img src="public/images/Circle_Grey.png" />
                            </div>
                            <div class="col">          
            <div class="col">CONVERT __temp_1.compiled TO script.java.selenium2(script) USING $(RechercherBilletTest) AS __temp_2.selenium</div>
                            </div>
                        </div>
                        <div class="row">
                            <div class="col inside-status">
        <img src="public/images/Circle_Grey.png" />
                            </div>
                            <div class="col">          
            <div class="col">EXECUTE execute WITH __temp_2.selenium AS __temp_3.result</div>
                            </div>
                        </div>
                        <div class="row">
                            <div class="col inside-status">
        <img src="public/images/Circle_Grey.png" />
                            </div>
                            <div class="col">          
            <div class="col">ASSERT __temp_3.result IS success</div>
                            </div>
                        </div>
                 </div>
        </td>
        <td class="txtcenter instruction-line">
            3
        </td>
    </tr>
                    
                </tbody>
            </table>
            <br/>
                <table class="w100 striped">
                <thead>
                    <tr class="table-header">
                        <th class="big">Attachments</th>
                    </tr>
                </thead>
                <tbody>
                        <tr><td><a href="attachments/tests/RechercherBilletTest.ta/INPUT-__temp_0.file/java/AcheterBilletTest.java">INPUT-__temp_0.file/java/AcheterBilletTest.java</a></td></tr>
                        <tr><td><a href="attachments/tests/RechercherBilletTest.ta/INPUT-__temp_0.file/java/AF_Footer.java">INPUT-__temp_0.file/java/AF_Footer.java</a></td></tr>
                        <tr><td><a href="attachments/tests/RechercherBilletTest.ta/INPUT-__temp_0.file/java/AF_Full.java">INPUT-__temp_0.file/java/AF_Full.java</a></td></tr>
                        <tr><td><a href="attachments/tests/RechercherBilletTest.ta/INPUT-__temp_0.file/java/chromedriver.exe">INPUT-__temp_0.file/java/chromedriver.exe</a></td></tr>
                        <tr><td><a href="attachments/tests/RechercherBilletTest.ta/INPUT-__temp_0.file/java/PageAccueil.java">INPUT-__temp_0.file/java/PageAccueil.java</a></td></tr>
                        <tr><td><a href="attachments/tests/RechercherBilletTest.ta/INPUT-__temp_0.file/java/RechercherBilletTest.java">INPUT-__temp_0.file/java/RechercherBilletTest.java</a></td></tr>
                        <tr><td><a href="attachments/tests/RechercherBilletTest.ta/INPUT-__temp_0.file/java/AcheterBilletTest.java">INPUT-__temp_0.file/java/AcheterBilletTest.java</a></td></tr>
                        <tr><td><a href="attachments/tests/RechercherBilletTest.ta/INPUT-__temp_0.file/java/AF_Footer.java">INPUT-__temp_0.file/java/AF_Footer.java</a></td></tr>
                        <tr><td><a href="attachments/tests/RechercherBilletTest.ta/INPUT-__temp_0.file/java/AF_Full.java">INPUT-__temp_0.file/java/AF_Full.java</a></td></tr>
                        <tr><td><a href="attachments/tests/RechercherBilletTest.ta/INPUT-__temp_0.file/java/chromedriver.exe">INPUT-__temp_0.file/java/chromedriver.exe</a></td></tr>
                        <tr><td><a href="attachments/tests/RechercherBilletTest.ta/INPUT-__temp_0.file/java/PageAccueil.java">INPUT-__temp_0.file/java/PageAccueil.java</a></td></tr>
                        <tr><td><a href="attachments/tests/RechercherBilletTest.ta/INPUT-__temp_0.file/java/RechercherBilletTest.java">INPUT-__temp_0.file/java/RechercherBilletTest.java</a></td></tr>
                </tbody>
            </table>
        </div>
    </div>
    <div class="script-link">
        <a href="#header">[Back to top]</a>&nbsp;<a href="#tests">[Back to tests]</a>
    </div>
    
    </div>
                </div>
        
    </div>
    <div class="footer txtcenter">
        <p>Generated by Squash TA&copy; on 09/11/2018 19:01</p>
    </div>
</body>
</html>
